2023-10-01 19:42:40,142 - INFO - Slookey has logged on - bot turned off
2023-10-03 15:40:16,511 - INFO - Medivioo has logged on - bot turned off
2023-10-04 15:01:35,308 - INFO - Medivioo has logged on - bot turned off
2023-10-05 16:11:24,339 - INFO - Medivioo has logged on - bot turned off
2023-10-06 15:27:07,350 - INFO - Medivioo has logged on - bot turned off
2023-10-07 01:02:02,378 - INFO - Medivioo has logged on - bot turned off
2023-10-07 04:33:03,299 - INFO - Medivioo has logged on - bot turned off
2023-10-08 07:09:31,187 - INFO - Mael Drake has logged on - bot turned off
2023-10-09 15:50:24,996 - INFO - Medivioo has logged on - bot turned off
2023-10-09 15:50:24,998 - DEBUG - Starting new HTTPS connection (1): medivia.online:443
2023-10-09 15:50:25,216 - DEBUG - https://medivia.online:443 "GET /api/public/online/Pendulum HTTP/1.1" 200 None
2023-10-09 15:58:29,456 - DEBUG - Starting new HTTPS connection (1): medivia.online:443
2023-10-09 15:58:29,643 - DEBUG - https://medivia.online:443 "GET /api/public/online/Pendulum HTTP/1.1" 200 None
2023-10-09 15:59:10,550 - DEBUG - Starting new HTTPS connection (1): medivia.online:443
2023-10-09 15:59:10,676 - DEBUG - https://medivia.online:443 "GET /api/public/online/Pendulum HTTP/1.1" 200 None
2023-10-09 15:59:10,917 - DEBUG - Starting new HTTPS connection (1): medivia.online:443
2023-10-09 15:59:11,043 - DEBUG - https://medivia.online:443 "GET /api/public/online/Pendulum HTTP/1.1" 200 None
2023-10-09 16:00:10,531 - DEBUG - Starting new HTTPS connection (1): medivia.online:443
2023-10-09 16:00:10,635 - DEBUG - https://medivia.online:443 "GET /api/public/online/Pendulum HTTP/1.1" 200 None
2023-10-09 16:00:10,865 - DEBUG - Starting new HTTPS connection (1): medivia.online:443
2023-10-09 16:00:11,101 - DEBUG - https://medivia.online:443 "GET /api/public/online/Pendulum HTTP/1.1" 200 None
2023-10-09 16:01:10,565 - DEBUG - Starting new HTTPS connection (1): medivia.online:443
2023-10-09 16:01:10,787 - DEBUG - https://medivia.online:443 "GET /api/public/online/Pendulum HTTP/1.1" 200 None
2023-10-09 16:01:11,298 - DEBUG - Starting new HTTPS connection (1): medivia.online:443
2023-10-09 16:01:11,484 - DEBUG - https://medivia.online:443 "GET /api/public/online/Pendulum HTTP/1.1" 200 None
2023-10-09 16:02:10,697 - DEBUG - Starting new HTTPS connection (1): medivia.online:443
2023-10-09 16:02:10,893 - DEBUG - https://medivia.online:443 "GET /api/public/online/Pendulum HTTP/1.1" 200 None
2023-10-09 16:02:11,130 - DEBUG - Starting new HTTPS connection (1): medivia.online:443
2023-10-09 16:02:11,254 - DEBUG - https://medivia.online:443 "GET /api/public/online/Pendulum HTTP/1.1" 200 None
2023-10-09 16:03:10,561 - DEBUG - Starting new HTTPS connection (1): medivia.online:443
2023-10-09 16:03:10,730 - DEBUG - https://medivia.online:443 "GET /api/public/online/Pendulum HTTP/1.1" 200 None
2023-10-09 16:03:10,962 - DEBUG - Starting new HTTPS connection (1): medivia.online:443
2023-10-09 16:03:11,142 - DEBUG - https://medivia.online:443 "GET /api/public/online/Pendulum HTTP/1.1" 200 None
2023-10-09 16:04:10,726 - DEBUG - Starting new HTTPS connection (1): medivia.online:443
2023-10-09 16:04:10,827 - DEBUG - https://medivia.online:443 "GET /api/public/online/Pendulum HTTP/1.1" 200 None
2023-10-09 16:04:11,093 - DEBUG - Starting new HTTPS connection (1): medivia.online:443
2023-10-09 16:04:11,274 - DEBUG - https://medivia.online:443 "GET /api/public/online/Pendulum HTTP/1.1" 200 None
2023-10-09 16:05:10,543 - DEBUG - Starting new HTTPS connection (1): medivia.online:443
2023-10-09 16:05:10,747 - DEBUG - https://medivia.online:443 "GET /api/public/online/Pendulum HTTP/1.1" 200 None
2023-10-09 16:05:10,976 - DEBUG - Starting new HTTPS connection (1): medivia.online:443
2023-10-09 16:05:11,153 - DEBUG - https://medivia.online:443 "GET /api/public/online/Pendulum HTTP/1.1" 200 None
2023-10-09 16:06:10,725 - DEBUG - Starting new HTTPS connection (1): medivia.online:443
2023-10-09 16:06:10,897 - DEBUG - https://medivia.online:443 "GET /api/public/online/Pendulum HTTP/1.1" 200 None
2023-10-09 16:06:11,125 - DEBUG - Starting new HTTPS connection (1): medivia.online:443
2023-10-09 16:06:11,334 - DEBUG - https://medivia.online:443 "GET /api/public/online/Pendulum HTTP/1.1" 200 None
2023-10-09 16:07:10,673 - DEBUG - Starting new HTTPS connection (1): medivia.online:443
2023-10-09 16:07:10,865 - DEBUG - https://medivia.online:443 "GET /api/public/online/Pendulum HTTP/1.1" 200 None
2023-10-09 16:07:11,091 - DEBUG - Starting new HTTPS connection (1): medivia.online:443
2023-10-09 16:07:11,268 - DEBUG - https://medivia.online:443 "GET /api/public/online/Pendulum HTTP/1.1" 200 None
2023-10-09 16:08:10,540 - DEBUG - Starting new HTTPS connection (1): medivia.online:443
2023-10-09 16:08:10,705 - DEBUG - https://medivia.online:443 "GET /api/public/online/Pendulum HTTP/1.1" 200 None
2023-10-09 16:08:10,940 - DEBUG - Starting new HTTPS connection (1): medivia.online:443
2023-10-09 16:08:11,125 - DEBUG - https://medivia.online:443 "GET /api/public/online/Pendulum HTTP/1.1" 200 None
2023-10-09 16:09:10,538 - DEBUG - Starting new HTTPS connection (1): medivia.online:443
2023-10-09 16:09:10,711 - DEBUG - https://medivia.online:443 "GET /api/public/online/Pendulum HTTP/1.1" 200 None
2023-10-09 16:09:10,938 - DEBUG - Starting new HTTPS connection (1): medivia.online:443
2023-10-09 16:09:11,133 - DEBUG - https://medivia.online:443 "GET /api/public/online/Pendulum HTTP/1.1" 200 None
2023-10-09 16:10:10,602 - DEBUG - Starting new HTTPS connection (1): medivia.online:443
2023-10-09 16:10:10,775 - DEBUG - https://medivia.online:443 "GET /api/public/online/Pendulum HTTP/1.1" 200 None
2023-10-09 16:10:11,036 - DEBUG - Starting new HTTPS connection (1): medivia.online:443
2023-10-09 16:10:11,218 - DEBUG - https://medivia.online:443 "GET /api/public/online/Pendulum HTTP/1.1" 200 None
2023-10-09 16:11:10,570 - DEBUG - Starting new HTTPS connection (1): medivia.online:443
2023-10-09 16:11:10,720 - DEBUG - https://medivia.online:443 "GET /api/public/online/Pendulum HTTP/1.1" 200 None
2023-10-09 16:11:10,953 - DEBUG - Starting new HTTPS connection (1): medivia.online:443
2023-10-09 16:11:11,171 - DEBUG - https://medivia.online:443 "GET /api/public/online/Pendulum HTTP/1.1" 200 None
2023-10-09 16:12:10,669 - DEBUG - Starting new HTTPS connection (1): medivia.online:443
2023-10-09 16:12:10,799 - DEBUG - https://medivia.online:443 "GET /api/public/online/Pendulum HTTP/1.1" 200 None
2023-10-09 16:12:11,036 - DEBUG - Starting new HTTPS connection (1): medivia.online:443
2023-10-09 16:12:11,217 - DEBUG - https://medivia.online:443 "GET /api/public/online/Pendulum HTTP/1.1" 200 None
2023-10-09 16:13:10,515 - DEBUG - Starting new HTTPS connection (1): medivia.online:443
2023-10-09 16:13:10,681 - DEBUG - https://medivia.online:443 "GET /api/public/online/Pendulum HTTP/1.1" 200 None
2023-10-09 16:13:10,932 - DEBUG - Starting new HTTPS connection (1): medivia.online:443
2023-10-09 16:13:11,117 - DEBUG - https://medivia.online:443 "GET /api/public/online/Pendulum HTTP/1.1" 200 None
2023-10-09 16:14:10,681 - DEBUG - Starting new HTTPS connection (1): medivia.online:443
2023-10-09 16:14:10,851 - DEBUG - https://medivia.online:443 "GET /api/public/online/Pendulum HTTP/1.1" 200 None
2023-10-09 16:14:11,114 - DEBUG - Starting new HTTPS connection (1): medivia.online:443
2023-10-09 16:14:11,350 - DEBUG - https://medivia.online:443 "GET /api/public/online/Pendulum HTTP/1.1" 200 None
2023-10-09 16:15:10,546 - DEBUG - Starting new HTTPS connection (1): medivia.online:443
2023-10-09 16:15:10,704 - DEBUG - https://medivia.online:443 "GET /api/public/online/Pendulum HTTP/1.1" 200 None
2023-10-09 16:15:10,947 - DEBUG - Starting new HTTPS connection (1): medivia.online:443
2023-10-09 16:15:11,118 - DEBUG - https://medivia.online:443 "GET /api/public/online/Pendulum HTTP/1.1" 200 None
2023-10-09 16:16:10,663 - DEBUG - Starting new HTTPS connection (1): medivia.online:443
2023-10-09 16:16:10,831 - DEBUG - https://medivia.online:443 "GET /api/public/online/Pendulum HTTP/1.1" 200 None
2023-10-09 16:16:11,063 - DEBUG - Starting new HTTPS connection (1): medivia.online:443
2023-10-09 16:16:11,258 - DEBUG - https://medivia.online:443 "GET /api/public/online/Pendulum HTTP/1.1" 200 None
2023-10-09 16:17:10,562 - DEBUG - Starting new HTTPS connection (1): medivia.online:443
2023-10-09 16:17:10,753 - DEBUG - https://medivia.online:443 "GET /api/public/online/Pendulum HTTP/1.1" 200 None
2023-10-09 16:17:10,979 - DEBUG - Starting new HTTPS connection (1): medivia.online:443
2023-10-09 16:17:11,162 - DEBUG - https://medivia.online:443 "GET /api/public/online/Pendulum HTTP/1.1" 200 None
2023-10-09 16:18:10,626 - DEBUG - Starting new HTTPS connection (1): medivia.online:443
2023-10-09 16:18:10,820 - DEBUG - https://medivia.online:443 "GET /api/public/online/Pendulum HTTP/1.1" 200 None
2023-10-09 16:18:11,093 - DEBUG - Starting new HTTPS connection (1): medivia.online:443
2023-10-09 16:18:11,272 - DEBUG - https://medivia.online:443 "GET /api/public/online/Pendulum HTTP/1.1" 200 None
2023-10-09 16:19:10,544 - DEBUG - Starting new HTTPS connection (1): medivia.online:443
2023-10-09 16:19:10,707 - DEBUG - https://medivia.online:443 "GET /api/public/online/Pendulum HTTP/1.1" 200 None
2023-10-09 16:19:10,927 - DEBUG - Starting new HTTPS connection (1): medivia.online:443
2023-10-09 16:19:11,116 - DEBUG - https://medivia.online:443 "GET /api/public/online/Pendulum HTTP/1.1" 200 None
2023-10-09 16:20:10,743 - DEBUG - Starting new HTTPS connection (1): medivia.online:443
2023-10-09 16:20:10,849 - DEBUG - https://medivia.online:443 "GET /api/public/online/Pendulum HTTP/1.1" 200 None
2023-10-09 16:20:11,076 - DEBUG - Starting new HTTPS connection (1): medivia.online:443
2023-10-09 16:20:11,205 - DEBUG - https://medivia.online:443 "GET /api/public/online/Pendulum HTTP/1.1" 200 None
2023-10-09 16:21:10,711 - DEBUG - Starting new HTTPS connection (1): medivia.online:443
2023-10-09 16:21:11,218 - DEBUG - https://medivia.online:443 "GET /api/public/online/Pendulum HTTP/1.1" 200 None
2023-10-09 16:22:10,657 - DEBUG - Starting new HTTPS connection (1): medivia.online:443
2023-10-09 16:22:12,905 - DEBUG - https://medivia.online:443 "GET /api/public/online/Pendulum HTTP/1.1" 200 None
2023-10-09 16:23:11,656 - DEBUG - Starting new HTTPS connection (1): medivia.online:443
2023-10-09 16:23:11,813 - DEBUG - https://medivia.online:443 "GET /api/public/online/Pendulum HTTP/1.1" 200 None
2023-10-09 16:23:12,023 - DEBUG - Starting new HTTPS connection (1): medivia.online:443
2023-10-09 16:23:12,222 - DEBUG - https://medivia.online:443 "GET /api/public/online/Pendulum HTTP/1.1" 200 None
2023-10-09 16:24:11,539 - DEBUG - Starting new HTTPS connection (1): medivia.online:443
2023-10-09 16:24:11,716 - DEBUG - https://medivia.online:443 "GET /api/public/online/Pendulum HTTP/1.1" 200 None
2023-10-09 16:24:11,956 - DEBUG - Starting new HTTPS connection (1): medivia.online:443
2023-10-09 16:24:12,080 - DEBUG - https://medivia.online:443 "GET /api/public/online/Pendulum HTTP/1.1" 200 None
2023-10-09 16:25:11,653 - DEBUG - Starting new HTTPS connection (1): medivia.online:443
2023-10-09 16:25:11,814 - DEBUG - https://medivia.online:443 "GET /api/public/online/Pendulum HTTP/1.1" 200 None
2023-10-09 16:25:12,086 - DEBUG - Starting new HTTPS connection (1): medivia.online:443
2023-10-09 16:25:12,274 - DEBUG - https://medivia.online:443 "GET /api/public/online/Pendulum HTTP/1.1" 200 None
2023-10-09 16:26:11,503 - DEBUG - Starting new HTTPS connection (1): medivia.online:443
2023-10-09 16:26:11,668 - DEBUG - https://medivia.online:443 "GET /api/public/online/Pendulum HTTP/1.1" 200 None
2023-10-09 16:26:11,903 - DEBUG - Starting new HTTPS connection (1): medivia.online:443
2023-10-09 16:26:12,083 - DEBUG - https://medivia.online:443 "GET /api/public/online/Pendulum HTTP/1.1" 200 None
2023-10-09 16:27:11,584 - DEBUG - Starting new HTTPS connection (1): medivia.online:443
2023-10-09 16:27:11,825 - DEBUG - https://medivia.online:443 "GET /api/public/online/Pendulum HTTP/1.1" 200 None
2023-10-09 16:27:12,072 - DEBUG - Starting new HTTPS connection (1): medivia.online:443
2023-10-09 16:27:12,225 - DEBUG - https://medivia.online:443 "GET /api/public/online/Pendulum HTTP/1.1" 200 None
2023-10-09 16:28:11,601 - DEBUG - Starting new HTTPS connection (1): medivia.online:443
2023-10-09 16:28:11,762 - DEBUG - https://medivia.online:443 "GET /api/public/online/Pendulum HTTP/1.1" 200 None
2023-10-09 16:28:11,984 - DEBUG - Starting new HTTPS connection (1): medivia.online:443
2023-10-09 16:28:12,176 - DEBUG - https://medivia.online:443 "GET /api/public/online/Pendulum HTTP/1.1" 200 None
2023-10-09 16:29:11,698 - DEBUG - Starting new HTTPS connection (1): medivia.online:443
2023-10-09 16:29:11,806 - DEBUG - https://medivia.online:443 "GET /api/public/online/Pendulum HTTP/1.1" 200 None
2023-10-09 16:29:12,065 - DEBUG - Starting new HTTPS connection (1): medivia.online:443
2023-10-09 16:29:12,187 - DEBUG - https://medivia.online:443 "GET /api/public/online/Pendulum HTTP/1.1" 200 None
2023-10-09 16:30:11,599 - DEBUG - Starting new HTTPS connection (1): medivia.online:443
2023-10-09 16:30:11,769 - DEBUG - https://medivia.online:443 "GET /api/public/online/Pendulum HTTP/1.1" 200 None
2023-10-09 16:30:12,232 - DEBUG - Starting new HTTPS connection (1): medivia.online:443
2023-10-09 16:30:12,405 - DEBUG - https://medivia.online:443 "GET /api/public/online/Pendulum HTTP/1.1" 200 None
2023-10-09 16:31:11,647 - DEBUG - Starting new HTTPS connection (1): medivia.online:443
2023-10-09 16:31:11,808 - DEBUG - https://medivia.online:443 "GET /api/public/online/Pendulum HTTP/1.1" 200 None
2023-10-09 16:31:12,247 - DEBUG - Starting new HTTPS connection (1): medivia.online:443
2023-10-09 16:31:12,425 - DEBUG - https://medivia.online:443 "GET /api/public/online/Pendulum HTTP/1.1" 200 None
2023-10-09 16:32:11,629 - DEBUG - Starting new HTTPS connection (1): medivia.online:443
2023-10-09 16:32:11,834 - DEBUG - https://medivia.online:443 "GET /api/public/online/Pendulum HTTP/1.1" 200 None
2023-10-09 16:32:12,031 - DEBUG - Starting new HTTPS connection (1): medivia.online:443
2023-10-09 16:32:12,151 - DEBUG - https://medivia.online:443 "GET /api/public/online/Pendulum HTTP/1.1" 200 None
2023-10-09 16:33:11,662 - DEBUG - Starting new HTTPS connection (1): medivia.online:443
2023-10-09 16:33:15,791 - DEBUG - https://medivia.online:443 "GET /api/public/online/Pendulum HTTP/1.1" 200 None
2023-10-09 16:34:14,663 - DEBUG - Starting new HTTPS connection (1): medivia.online:443
2023-10-09 16:34:15,025 - DEBUG - https://medivia.online:443 "GET /api/public/online/Pendulum HTTP/1.1" 200 None
2023-10-09 16:35:14,645 - DEBUG - Starting new HTTPS connection (1): medivia.online:443
2023-10-09 16:35:14,805 - DEBUG - https://medivia.online:443 "GET /api/public/online/Pendulum HTTP/1.1" 200 None
2023-10-09 16:35:15,012 - DEBUG - Starting new HTTPS connection (1): medivia.online:443
2023-10-09 16:35:15,183 - DEBUG - https://medivia.online:443 "GET /api/public/online/Pendulum HTTP/1.1" 200 None
2023-10-09 16:36:14,711 - DEBUG - Starting new HTTPS connection (1): medivia.online:443
2023-10-09 16:36:14,885 - DEBUG - https://medivia.online:443 "GET /api/public/online/Pendulum HTTP/1.1" 200 None
2023-10-09 16:36:15,095 - DEBUG - Starting new HTTPS connection (1): medivia.online:443
2023-10-09 16:36:15,217 - DEBUG - https://medivia.online:443 "GET /api/public/online/Pendulum HTTP/1.1" 200 None
2023-10-26 05:28:46,948 - INFO - Ran Run has logged on - bot turned off
2023-11-03 22:12:19,741 - INFO - Gfbi has logged on - bot turned off
2023-11-17 13:46:44,622 - INFO - Kush Mints has logged on - bot turned off
2023-11-17 16:23:36,561 - INFO - Switchbladez has logged on - bot turned off
2023-11-17 19:19:31,387 - INFO - Slookey - From Vip has logged on - bot turned off
2023-11-17 19:19:40,597 - INFO - Slookey - From Vip has logged on - bot turned off
2023-11-17 19:20:49,320 - INFO - Slookey - From Vip has logged on - bot turned off
2023-11-17 19:29:41,055 - INFO - Slookey - From Vip has logged on - bot turned off
2023-11-17 19:30:48,584 - INFO - Slookey - From Vip has logged on - bot turned off
2023-11-17 19:37:12,542 - INFO - Box(left=25, top=410, width=63, height=21) has logged on - bot turned off
2023-11-17 19:38:05,871 - INFO - Box(left=25, top=410, width=63, height=21) has logged on - bot turned off
2023-11-17 19:38:20,299 - INFO - Box(left=25, top=410, width=63, height=21) has logged on - bot turned off
2023-11-17 19:40:23,080 - INFO - Box(left=25, top=392, width=63, height=21) has logged on - bot turned off
2023-11-17 19:40:27,184 - INFO - Box(left=25, top=392, width=63, height=21) has logged on - bot turned off
2023-11-17 19:40:33,261 - INFO - Box(left=25, top=392, width=63, height=21) has logged on - bot turned off
2023-11-17 19:46:04,372 - INFO - Box(left=25, top=392, width=63, height=21) has logged on - bot turned off
2023-11-17 19:47:09,765 - INFO - Box(left=25, top=392, width=63, height=21) has logged on - bot turned off
2023-11-17 19:47:24,564 - INFO - Box(left=25, top=392, width=63, height=21) has logged on - bot turned off
2023-11-17 19:49:28,363 - INFO - Box(left=25, top=392, width=63, height=21) has logged on - bot turned off
2023-11-17 19:49:59,053 - INFO - Box(left=25, top=392, width=63, height=21) has logged on - bot turned off
2023-11-17 19:56:51,699 - INFO - Box(left=25, top=410, width=63, height=21) has logged on - bot turned off
2023-11-17 19:57:22,961 - INFO - Box(left=25, top=410, width=63, height=21) has logged on - bot turned off
2023-11-17 19:58:10,614 - INFO - Box(left=25, top=428, width=63, height=21) has logged on - bot turned off
2023-11-17 20:05:32,511 - INFO - Box(left=25, top=410, width=63, height=21) has logged on - bot turned off
2023-11-17 20:19:46,381 - INFO - Box(left=25, top=428, width=63, height=21) has logged on - bot turned off
2023-11-17 20:25:30,672 - INFO - Box(left=25, top=428, width=63, height=21) has logged on - bot turned off
2023-11-17 20:28:12,483 - INFO - Box(left=25, top=428, width=63, height=21) has logged on - bot turned off
2023-11-17 20:28:55,990 - INFO - Box(left=25, top=428, width=63, height=21) has logged on - bot turned off
2023-11-17 20:30:38,255 - INFO - Box(left=25, top=428, width=63, height=21) has logged on - bot turned off
2023-11-17 20:31:51,937 - INFO - Box(left=25, top=428, width=63, height=21) has logged on - bot turned off
2023-11-17 20:34:12,872 - INFO - Box(left=25, top=428, width=63, height=21) has logged on - bot turned off
2023-11-17 20:34:43,358 - INFO - TEST has logged on - bot turned off
2023-11-17 20:34:47,933 - INFO - Box(left=25, top=428, width=63, height=21) has logged on - bot turned off
2023-11-17 20:36:29,460 - INFO - TEST has logged on - bot turned off
2023-11-17 20:36:31,999 - INFO - Box(left=25, top=428, width=63, height=21) has logged on - bot turned off
2023-11-17 20:44:22,358 - INFO - TEST has logged on - bot turned off
